<?xml version="1.0" encoding="UTF-8"?>
<testsuite name="com.polarbookshop.catalogservice.web.BookControllerMvcTests" tests="1" skipped="0" failures="0" errors="0" timestamp="2025-12-02T16:52:17" hostname="2e66babf3ec0" time="0.341">
  <properties/>
  <testcase name="whenGetBookNotExistingThenShouldReturn404()" classname="com.polarbookshop.catalogservice.web.BookControllerMvcTests" time="0.341"/>
  <system-out><![CDATA[2025-12-02 16:52:07.916  INFO 60298 --- [    Test worker] .b.t.a.w.s.WebMvcTestContextBootstrapper : Neither @ContextConfiguration nor @ContextHierarchy found for test class [com.polarbookshop.catalogservice.web.BookControllerMvcTests], using SpringBootContextLoader
2025-12-02 16:52:07.933  INFO 60298 --- [    Test worker] o.s.t.c.support.AbstractContextLoader    : Could not detect default resource locations for test class [com.polarbookshop.catalogservice.web.BookControllerMvcTests]: no resource found for suffixes {-context.xml, Context.groovy}.
2025-12-02 16:52:07.934  INFO 60298 --- [    Test worker] t.c.s.AnnotationConfigContextLoaderUtils : Could not detect default configuration classes for test class [com.polarbookshop.catalogservice.web.BookControllerMvcTests]: BookControllerMvcTests does not declare any static, non-private, non-final, nested classes annotated with @Configuration.
2025-12-02 16:52:08.215  INFO 60298 --- [    Test worker] .b.t.c.SpringBootTestContextBootstrapper : Found @SpringBootConfiguration com.polarbookshop.catalogservice.CatalogServiceApplication for test class com.polarbookshop.catalogservice.web.BookControllerMvcTests
2025-12-02 16:52:08.216  INFO 60298 --- [    Test worker] .b.t.a.w.s.WebMvcTestContextBootstrapper : Loaded default TestExecutionListener class names from location [META-INF/spring.factories]: [org.springframework.boot.test.autoconfigure.restdocs.RestDocsTestExecutionListener, org.springframework.boot.test.autoconfigure.web.client.MockRestServiceServerResetTestExecutionListener, org.springframework.boot.test.autoconfigure.web.servlet.MockMvcPrintOnlyOnFailureTestExecutionListener, org.springframework.boot.test.autoconfigure.web.servlet.WebDriverTestExecutionListener, org.springframework.boot.test.autoconfigure.webservices.client.MockWebServiceServerTestExecutionListener, org.springframework.boot.test.mock.mockito.MockitoTestExecutionListener, org.springframework.boot.test.mock.mockito.ResetMocksTestExecutionListener, org.springframework.test.context.web.ServletTestExecutionListener, org.springframework.test.context.support.DirtiesContextBeforeModesTestExecutionListener, org.springframework.test.context.event.ApplicationEventsTestExecutionListener, org.springframework.test.context.support.DependencyInjectionTestExecutionListener, org.springframework.test.context.support.DirtiesContextTestExecutionListener, org.springframework.test.context.transaction.TransactionalTestExecutionListener, org.springframework.test.context.jdbc.SqlScriptsTestExecutionListener, org.springframework.test.context.event.EventPublishingTestExecutionListener]
2025-12-02 16:52:08.226  INFO 60298 --- [    Test worker] .b.t.a.w.s.WebMvcTestContextBootstrapper : Using TestExecutionListeners: [org.springframework.test.context.web.ServletTestExecutionListener@1dd443c1, org.springframework.test.context.support.DirtiesContextBeforeModesTestExecutionListener@2aafa84f, org.springframework.test.context.event.ApplicationEventsTestExecutionListener@448892f1, org.springframework.boot.test.mock.mockito.MockitoTestExecutionListener@1626bddf, org.springframework.boot.test.autoconfigure.SpringBootDependencyInjectionTestExecutionListener@29532e91, org.springframework.test.context.support.DirtiesContextTestExecutionListener@7e691624, org.springframework.test.context.event.EventPublishingTestExecutionListener@7ef60c02, org.springframework.boot.test.autoconfigure.restdocs.RestDocsTestExecutionListener@5d9d8e46, org.springframework.boot.test.autoconfigure.web.client.MockRestServiceServerResetTestExecutionListener@6d0a14c2, org.springframework.boot.test.autoconfigure.web.servlet.MockMvcPrintOnlyOnFailureTestExecutionListener@5b64f771, org.springframework.boot.test.autoconfigure.web.servlet.WebDriverTestExecutionListener@153c6603, org.springframework.boot.test.autoconfigure.webservices.client.MockWebServiceServerTestExecutionListener@24e2355c, org.springframework.boot.test.mock.mockito.ResetMocksTestExecutionListener@19739906]

  .   ____          _            __ _ _
 /\\ / ___'_ __ _ _(_)_ __  __ _ \ \ \ \
( ( )\___ | '_ | '_| | '_ \/ _` | \ \ \ \
 \\/  ___)| |_)| | | | | || (_| |  ) ) ) )
  '  |____| .__|_| |_|_| |_\__, | / / / /
 =========|_|==============|___/=/_/_/_/
 :: Spring Boot ::               (v2.7.18)

2025-12-02 16:52:08.555  INFO 60298 --- [    Test worker] c.p.c.web.BookControllerMvcTests         : Starting BookControllerMvcTests using Java 21.0.9 on 2e66babf3ec0 with PID 60298 (started by vscode in /workspaces/cloud-native-spring-in-action-main/Chapter03/03-begin/catalog-service)
2025-12-02 16:52:08.556  INFO 60298 --- [    Test worker] c.p.c.web.BookControllerMvcTests         : No active profile set, falling back to 1 default profile: "default"
2025-12-02 16:52:16.765  INFO 60298 --- [    Test worker] o.s.b.t.m.w.SpringBootMockServletContext : Initializing Spring TestDispatcherServlet ''
2025-12-02 16:52:16.766  INFO 60298 --- [    Test worker] o.s.t.web.servlet.TestDispatcherServlet  : Initializing Servlet ''
2025-12-02 16:52:16.766  INFO 60298 --- [    Test worker] o.s.t.web.servlet.TestDispatcherServlet  : Completed initialization in 0 ms
2025-12-02 16:52:17.074  INFO 60298 --- [    Test worker] c.p.c.web.BookControllerMvcTests         : Started BookControllerMvcTests in 8.811 seconds (JVM running for 50.647)
]]></system-out>
  <system-err><![CDATA[]]></system-err>
</testsuite>
