<?xml version="1.0" encoding="UTF-8"?>
<testsuite name="com.polarbookshop.catalogservice.web.BookJsonTests" tests="2" skipped="0" failures="0" errors="0" timestamp="2025-12-02T16:52:19" hostname="2e66babf3ec0" time="0.49">
  <properties/>
  <testcase name="testSerialize()" classname="com.polarbookshop.catalogservice.web.BookJsonTests" time="0.311"/>
  <testcase name="testDeserialize()" classname="com.polarbookshop.catalogservice.web.BookJsonTests" time="0.177"/>
  <system-out><![CDATA[2025-12-02 16:52:17.462  INFO 60298 --- [    Test worker] o.s.b.t.a.j.JsonTestContextBootstrapper  : Neither @ContextConfiguration nor @ContextHierarchy found for test class [com.polarbookshop.catalogservice.web.BookJsonTests], using SpringBootContextLoader
2025-12-02 16:52:17.479  INFO 60298 --- [    Test worker] o.s.t.c.support.AbstractContextLoader    : Could not detect default resource locations for test class [com.polarbookshop.catalogservice.web.BookJsonTests]: no resource found for suffixes {-context.xml, Context.groovy}.
2025-12-02 16:52:17.480  INFO 60298 --- [    Test worker] t.c.s.AnnotationConfigContextLoaderUtils : Could not detect default configuration classes for test class [com.polarbookshop.catalogservice.web.BookJsonTests]: BookJsonTests does not declare any static, non-private, non-final, nested classes annotated with @Configuration.
2025-12-02 16:52:17.509  INFO 60298 --- [    Test worker] .b.t.c.SpringBootTestContextBootstrapper : Found @SpringBootConfiguration com.polarbookshop.catalogservice.CatalogServiceApplication for test class com.polarbookshop.catalogservice.web.BookJsonTests
2025-12-02 16:52:17.510  INFO 60298 --- [    Test worker] o.s.b.t.a.j.JsonTestContextBootstrapper  : Loaded default TestExecutionListener class names from location [META-INF/spring.factories]: [org.springframework.boot.test.autoconfigure.restdocs.RestDocsTestExecutionListener, org.springframework.boot.test.autoconfigure.web.client.MockRestServiceServerResetTestExecutionListener, org.springframework.boot.test.autoconfigure.web.servlet.MockMvcPrintOnlyOnFailureTestExecutionListener, org.springframework.boot.test.autoconfigure.web.servlet.WebDriverTestExecutionListener, org.springframework.boot.test.autoconfigure.webservices.client.MockWebServiceServerTestExecutionListener, org.springframework.boot.test.mock.mockito.MockitoTestExecutionListener, org.springframework.boot.test.mock.mockito.ResetMocksTestExecutionListener, org.springframework.test.context.web.ServletTestExecutionListener, org.springframework.test.context.support.DirtiesContextBeforeModesTestExecutionListener, org.springframework.test.context.event.ApplicationEventsTestExecutionListener, org.springframework.test.context.support.DependencyInjectionTestExecutionListener, org.springframework.test.context.support.DirtiesContextTestExecutionListener, org.springframework.test.context.transaction.TransactionalTestExecutionListener, org.springframework.test.context.jdbc.SqlScriptsTestExecutionListener, org.springframework.test.context.event.EventPublishingTestExecutionListener]
2025-12-02 16:52:17.519  INFO 60298 --- [    Test worker] o.s.b.t.a.j.JsonTestContextBootstrapper  : Using TestExecutionListeners: [org.springframework.test.context.web.ServletTestExecutionListener@20e48e63, org.springframework.test.context.support.DirtiesContextBeforeModesTestExecutionListener@6d7677d8, org.springframework.test.context.event.ApplicationEventsTestExecutionListener@6705b763, org.springframework.boot.test.mock.mockito.MockitoTestExecutionListener@e04b8a0, org.springframework.boot.test.autoconfigure.SpringBootDependencyInjectionTestExecutionListener@a97a895, org.springframework.test.context.support.DirtiesContextTestExecutionListener@5401c6a8, org.springframework.test.context.event.EventPublishingTestExecutionListener@1ef5cde4, org.springframework.boot.test.autoconfigure.restdocs.RestDocsTestExecutionListener@359fa722, org.springframework.boot.test.autoconfigure.web.client.MockRestServiceServerResetTestExecutionListener@27b7204, org.springframework.boot.test.autoconfigure.web.servlet.MockMvcPrintOnlyOnFailureTestExecutionListener@5895c065, org.springframework.boot.test.autoconfigure.web.servlet.WebDriverTestExecutionListener@683fac7e, org.springframework.boot.test.autoconfigure.webservices.client.MockWebServiceServerTestExecutionListener@2051a0ec, org.springframework.boot.test.mock.mockito.ResetMocksTestExecutionListener@79631db0]

  .   ____          _            __ _ _
 /\\ / ___'_ __ _ _(_)_ __  __ _ \ \ \ \
( ( )\___ | '_ | '_| | '_ \/ _` | \ \ \ \
 \\/  ___)| |_)| | | | | || (_| |  ) ) ) )
  '  |____| .__|_| |_|_| |_\__, | / / / /
 =========|_|==============|___/=/_/_/_/
 :: Spring Boot ::               (v2.7.18)

2025-12-02 16:52:17.804  INFO 60298 --- [    Test worker] c.p.catalogservice.web.BookJsonTests     : Starting BookJsonTests using Java 21.0.9 on 2e66babf3ec0 with PID 60298 (started by vscode in /workspaces/cloud-native-spring-in-action-main/Chapter03/03-begin/catalog-service)
2025-12-02 16:52:17.804  INFO 60298 --- [    Test worker] c.p.catalogservice.web.BookJsonTests     : No active profile set, falling back to 1 default profile: "default"
2025-12-02 16:52:19.105  INFO 60298 --- [    Test worker] c.p.catalogservice.web.BookJsonTests     : Started BookJsonTests in 1.585 seconds (JVM running for 52.678)
]]></system-out>
  <system-err><![CDATA[]]></system-err>
</testsuite>
